<?xml version="1.0" encoding="UTF-8"?>
<testsuite xmlns:xsi="http://www.w3.org/2001/XMLSchema-instance" xsi:noNamespaceSchemaLocation="https://maven.apache.org/surefire/maven-surefire-plugin/xsd/surefire-test-report.xsd" name="com.SpringbootSchemaApplicationTests" time="8.891" tests="1" errors="0" skipped="0" failures="0">
  <properties>
    <property name="sun.desktop" value="windows"/>
    <property name="awt.toolkit" value="sun.awt.windows.WToolkit"/>
    <property name="file.encoding.pkg" value="sun.io"/>
    <property name="java.specification.version" value="1.8"/>
    <property name="sun.cpu.isalist" value="amd64"/>
    <property name="sun.jnu.encoding" value="GBK"/>
    <property name="java.class.path" value="F:\Myproject\BISHE\pro2.0\project\back\target\test-classes;F:\Myproject\BISHE\pro2.0\project\back\target\classes;E:\Java\web\apache-maven-3.6.1\mvn-resp\org\springframework\spring-test\5.2.2.RELEASE\spring-test-5.2.2.RELEASE.jar;E:\Java\web\apache-maven-3.6.1\mvn-resp\org\springframework\spring-core\5.2.2.RELEASE\spring-core-5.2.2.RELEASE.jar;E:\Java\web\apache-maven-3.6.1\mvn-resp\org\springframework\spring-jcl\5.2.2.RELEASE\spring-jcl-5.2.2.RELEASE.jar;E:\Java\web\apache-maven-3.6.1\mvn-resp\com\alibaba\druid-spring-boot-starter\1.2.5\druid-spring-boot-starter-1.2.5.jar;E:\Java\web\apache-maven-3.6.1\mvn-resp\com\alibaba\druid\1.2.5\druid-1.2.5.jar;E:\Java\web\apache-maven-3.6.1\mvn-resp\org\slf4j\slf4j-api\1.7.29\slf4j-api-1.7.29.jar;E:\Java\web\apache-maven-3.6.1\mvn-resp\org\springframework\boot\spring-boot-autoconfigure\2.2.2.RELEASE\spring-boot-autoconfigure-2.2.2.RELEASE.jar;E:\Java\web\apache-maven-3.6.1\mvn-resp\org\springframework\boot\spring-boot\2.2.2.RELEASE\spring-boot-2.2.2.RELEASE.jar;E:\Java\web\apache-maven-3.6.1\mvn-resp\mysql\mysql-connector-java\8.0.18\mysql-connector-java-8.0.18.jar;E:\Java\web\apache-maven-3.6.1\mvn-resp\org\springframework\boot\spring-boot-starter-validation\2.2.2.RELEASE\spring-boot-starter-validation-2.2.2.RELEASE.jar;E:\Java\web\apache-maven-3.6.1\mvn-resp\org\springframework\boot\spring-boot-starter\2.2.2.RELEASE\spring-boot-starter-2.2.2.RELEASE.jar;E:\Java\web\apache-maven-3.6.1\mvn-resp\org\springframework\boot\spring-boot-starter-logging\2.2.2.RELEASE\spring-boot-starter-logging-2.2.2.RELEASE.jar;E:\Java\web\apache-maven-3.6.1\mvn-resp\ch\qos\logback\logback-classic\1.2.3\logback-classic-1.2.3.jar;E:\Java\web\apache-maven-3.6.1\mvn-resp\ch\qos\logback\logback-core\1.2.3\logback-core-1.2.3.jar;E:\Java\web\apache-maven-3.6.1\mvn-resp\org\apache\logging\log4j\log4j-to-slf4j\2.12.1\log4j-to-slf4j-2.12.1.jar;E:\Java\web\apache-maven-3.6.1\mvn-resp\org\apache\logging\log4j\log4j-api\2.12.1\log4j-api-2.12.1.jar;E:\Java\web\apache-maven-3.6.1\mvn-resp\org\slf4j\jul-to-slf4j\1.7.29\jul-to-slf4j-1.7.29.jar;E:\Java\web\apache-maven-3.6.1\mvn-resp\jakarta\annotation\jakarta.annotation-api\1.3.5\jakarta.annotation-api-1.3.5.jar;E:\Java\web\apache-maven-3.6.1\mvn-resp\org\yaml\snakeyaml\1.25\snakeyaml-1.25.jar;E:\Java\web\apache-maven-3.6.1\mvn-resp\jakarta\validation\jakarta.validation-api\2.0.1\jakarta.validation-api-2.0.1.jar;E:\Java\web\apache-maven-3.6.1\mvn-resp\org\apache\tomcat\embed\tomcat-embed-el\9.0.29\tomcat-embed-el-9.0.29.jar;E:\Java\web\apache-maven-3.6.1\mvn-resp\org\hibernate\validator\hibernate-validator\6.0.18.Final\hibernate-validator-6.0.18.Final.jar;E:\Java\web\apache-maven-3.6.1\mvn-resp\org\jboss\logging\jboss-logging\3.4.1.Final\jboss-logging-3.4.1.Final.jar;E:\Java\web\apache-maven-3.6.1\mvn-resp\com\fasterxml\classmate\1.5.1\classmate-1.5.1.jar;E:\Java\web\apache-maven-3.6.1\mvn-resp\org\projectlombok\lombok\1.18.4\lombok-1.18.4.jar;E:\Java\web\apache-maven-3.6.1\mvn-resp\org\springframework\boot\spring-boot-starter-web\2.2.2.RELEASE\spring-boot-starter-web-2.2.2.RELEASE.jar;E:\Java\web\apache-maven-3.6.1\mvn-resp\org\springframework\boot\spring-boot-starter-json\2.2.2.RELEASE\spring-boot-starter-json-2.2.2.RELEASE.jar;E:\Java\web\apache-maven-3.6.1\mvn-resp\com\fasterxml\jackson\core\jackson-databind\2.10.1\jackson-databind-2.10.1.jar;E:\Java\web\apache-maven-3.6.1\mvn-resp\com\fasterxml\jackson\core\jackson-annotations\2.10.1\jackson-annotations-2.10.1.jar;E:\Java\web\apache-maven-3.6.1\mvn-resp\com\fasterxml\jackson\core\jackson-core\2.10.1\jackson-core-2.10.1.jar;E:\Java\web\apache-maven-3.6.1\mvn-resp\com\fasterxml\jackson\datatype\jackson-datatype-jdk8\2.10.1\jackson-datatype-jdk8-2.10.1.jar;E:\Java\web\apache-maven-3.6.1\mvn-resp\com\fasterxml\jackson\datatype\jackson-datatype-jsr310\2.10.1\jackson-datatype-jsr310-2.10.1.jar;E:\Java\web\apache-maven-3.6.1\mvn-resp\com\fasterxml\jackson\module\jackson-module-parameter-names\2.10.1\jackson-module-parameter-names-2.10.1.jar;E:\Java\web\apache-maven-3.6.1\mvn-resp\org\springframework\boot\spring-boot-starter-tomcat\2.2.2.RELEASE\spring-boot-starter-tomcat-2.2.2.RELEASE.jar;E:\Java\web\apache-maven-3.6.1\mvn-resp\org\apache\tomcat\embed\tomcat-embed-core\9.0.29\tomcat-embed-core-9.0.29.jar;E:\Java\web\apache-maven-3.6.1\mvn-resp\org\apache\tomcat\embed\tomcat-embed-websocket\9.0.29\tomcat-embed-websocket-9.0.29.jar;E:\Java\web\apache-maven-3.6.1\mvn-resp\org\springframework\spring-web\5.2.2.RELEASE\spring-web-5.2.2.RELEASE.jar;E:\Java\web\apache-maven-3.6.1\mvn-resp\org\springframework\spring-beans\5.2.2.RELEASE\spring-beans-5.2.2.RELEASE.jar;E:\Java\web\apache-maven-3.6.1\mvn-resp\org\springframework\spring-webmvc\5.2.2.RELEASE\spring-webmvc-5.2.2.RELEASE.jar;E:\Java\web\apache-maven-3.6.1\mvn-resp\org\springframework\spring-aop\5.2.2.RELEASE\spring-aop-5.2.2.RELEASE.jar;E:\Java\web\apache-maven-3.6.1\mvn-resp\org\springframework\spring-context\5.2.2.RELEASE\spring-context-5.2.2.RELEASE.jar;E:\Java\web\apache-maven-3.6.1\mvn-resp\org\springframework\spring-expression\5.2.2.RELEASE\spring-expression-5.2.2.RELEASE.jar;E:\Java\web\apache-maven-3.6.1\mvn-resp\org\mybatis\spring\boot\mybatis-spring-boot-starter\2.1.1\mybatis-spring-boot-starter-2.1.1.jar;E:\Java\web\apache-maven-3.6.1\mvn-resp\org\mybatis\spring\boot\mybatis-spring-boot-autoconfigure\2.1.1\mybatis-spring-boot-autoconfigure-2.1.1.jar;E:\Java\web\apache-maven-3.6.1\mvn-resp\org\mybatis\mybatis\3.5.3\mybatis-3.5.3.jar;E:\Java\web\apache-maven-3.6.1\mvn-resp\org\mybatis\mybatis-spring\2.0.3\mybatis-spring-2.0.3.jar;E:\Java\web\apache-maven-3.6.1\mvn-resp\org\springframework\boot\spring-boot-starter-jdbc\2.2.2.RELEASE\spring-boot-starter-jdbc-2.2.2.RELEASE.jar;E:\Java\web\apache-maven-3.6.1\mvn-resp\com\zaxxer\HikariCP\3.4.1\HikariCP-3.4.1.jar;E:\Java\web\apache-maven-3.6.1\mvn-resp\org\springframework\spring-jdbc\5.2.2.RELEASE\spring-jdbc-5.2.2.RELEASE.jar;E:\Java\web\apache-maven-3.6.1\mvn-resp\org\springframework\spring-tx\5.2.2.RELEASE\spring-tx-5.2.2.RELEASE.jar;E:\Java\web\apache-maven-3.6.1\mvn-resp\org\apache\shiro\shiro-spring\1.3.2\shiro-spring-1.3.2.jar;E:\Java\web\apache-maven-3.6.1\mvn-resp\org\apache\shiro\shiro-core\1.3.2\shiro-core-1.3.2.jar;E:\Java\web\apache-maven-3.6.1\mvn-resp\commons-beanutils\commons-beanutils\1.8.3\commons-beanutils-1.8.3.jar;E:\Java\web\apache-maven-3.6.1\mvn-resp\org\apache\shiro\shiro-web\1.3.2\shiro-web-1.3.2.jar;E:\Java\web\apache-maven-3.6.1\mvn-resp\com\baomidou\mybatis-plus\2.3\mybatis-plus-2.3.jar;E:\Java\web\apache-maven-3.6.1\mvn-resp\com\baomidou\mybatis-plus-support\2.3\mybatis-plus-support-2.3.jar;E:\Java\web\apache-maven-3.6.1\mvn-resp\com\baomidou\mybatis-plus-core\2.3\mybatis-plus-core-2.3.jar;E:\Java\web\apache-maven-3.6.1\mvn-resp\com\github\jsqlparser\jsqlparser\1.1\jsqlparser-1.1.jar;E:\Java\web\apache-maven-3.6.1\mvn-resp\com\baomidou\mybatis-plus-generate\2.3\mybatis-plus-generate-2.3.jar;E:\Java\web\apache-maven-3.6.1\mvn-resp\com\baomidou\mybatisplus-spring-boot-starter\1.0.5\mybatisplus-spring-boot-starter-1.0.5.jar;E:\Java\web\apache-maven-3.6.1\mvn-resp\org\springframework\boot\spring-boot-configuration-processor\2.2.2.RELEASE\spring-boot-configuration-processor-2.2.2.RELEASE.jar;E:\Java\web\apache-maven-3.6.1\mvn-resp\com\google\protobuf\protobuf-java\3.10.0\protobuf-java-3.10.0.jar;E:\Java\web\apache-maven-3.6.1\mvn-resp\org\apache\commons\commons-lang3\3.0\commons-lang3-3.0.jar;E:\Java\web\apache-maven-3.6.1\mvn-resp\javax\validation\validation-api\2.0.1.Final\validation-api-2.0.1.Final.jar;E:\Java\web\apache-maven-3.6.1\mvn-resp\commons-io\commons-io\2.5\commons-io-2.5.jar;E:\Java\web\apache-maven-3.6.1\mvn-resp\cn\hutool\hutool-all\4.0.12\hutool-all-4.0.12.jar;E:\Java\web\apache-maven-3.6.1\mvn-resp\com\alibaba\fastjson\1.2.8\fastjson-1.2.8.jar;E:\Java\web\apache-maven-3.6.1\mvn-resp\com\baidu\aip\java-sdk\4.4.1\java-sdk-4.4.1.jar;E:\Java\web\apache-maven-3.6.1\mvn-resp\org\json\json\20160810\json-20160810.jar;E:\Java\web\apache-maven-3.6.1\mvn-resp\log4j\log4j\1.2.17\log4j-1.2.17.jar;E:\Java\web\apache-maven-3.6.1\mvn-resp\org\apache\poi\poi\3.11\poi-3.11.jar;E:\Java\web\apache-maven-3.6.1\mvn-resp\commons-codec\commons-codec\1.13\commons-codec-1.13.jar;E:\Java\web\apache-maven-3.6.1\mvn-resp\org\apache\poi\poi-ooxml\3.9\poi-ooxml-3.9.jar;E:\Java\web\apache-maven-3.6.1\mvn-resp\org\apache\poi\poi-ooxml-schemas\3.9\poi-ooxml-schemas-3.9.jar;E:\Java\web\apache-maven-3.6.1\mvn-resp\org\apache\xmlbeans\xmlbeans\2.3.0\xmlbeans-2.3.0.jar;E:\Java\web\apache-maven-3.6.1\mvn-resp\stax\stax-api\1.0.1\stax-api-1.0.1.jar;E:\Java\web\apache-maven-3.6.1\mvn-resp\dom4j\dom4j\1.6.1\dom4j-1.6.1.jar;E:\Java\web\apache-maven-3.6.1\mvn-resp\xml-apis\xml-apis\1.0.b2\xml-apis-1.0.b2.jar;E:\Java\web\apache-maven-3.6.1\mvn-resp\org\springframework\boot\spring-boot-starter-test\2.2.2.RELEASE\spring-boot-starter-test-2.2.2.RELEASE.jar;E:\Java\web\apache-maven-3.6.1\mvn-resp\org\springframework\boot\spring-boot-test\2.2.2.RELEASE\spring-boot-test-2.2.2.RELEASE.jar;E:\Java\web\apache-maven-3.6.1\mvn-resp\org\springframework\boot\spring-boot-test-autoconfigure\2.2.2.RELEASE\spring-boot-test-autoconfigure-2.2.2.RELEASE.jar;E:\Java\web\apache-maven-3.6.1\mvn-resp\com\jayway\jsonpath\json-path\2.4.0\json-path-2.4.0.jar;E:\Java\web\apache-maven-3.6.1\mvn-resp\net\minidev\json-smart\2.3\json-smart-2.3.jar;E:\Java\web\apache-maven-3.6.1\mvn-resp\net\minidev\accessors-smart\1.2\accessors-smart-1.2.jar;E:\Java\web\apache-maven-3.6.1\mvn-resp\org\ow2\asm\asm\5.0.4\asm-5.0.4.jar;E:\Java\web\apache-maven-3.6.1\mvn-resp\jakarta\xml\bind\jakarta.xml.bind-api\2.3.2\jakarta.xml.bind-api-2.3.2.jar;E:\Java\web\apache-maven-3.6.1\mvn-resp\jakarta\activation\jakarta.activation-api\1.2.1\jakarta.activation-api-1.2.1.jar;E:\Java\web\apache-maven-3.6.1\mvn-resp\org\junit\jupiter\junit-jupiter\5.5.2\junit-jupiter-5.5.2.jar;E:\Java\web\apache-maven-3.6.1\mvn-resp\org\junit\jupiter\junit-jupiter-api\5.5.2\junit-jupiter-api-5.5.2.jar;E:\Java\web\apache-maven-3.6.1\mvn-resp\org\apiguardian\apiguardian-api\1.1.0\apiguardian-api-1.1.0.jar;E:\Java\web\apache-maven-3.6.1\mvn-resp\org\opentest4j\opentest4j\1.2.0\opentest4j-1.2.0.jar;E:\Java\web\apache-maven-3.6.1\mvn-resp\org\junit\platform\junit-platform-commons\1.5.2\junit-platform-commons-1.5.2.jar;E:\Java\web\apache-maven-3.6.1\mvn-resp\org\junit\jupiter\junit-jupiter-params\5.5.2\junit-jupiter-params-5.5.2.jar;E:\Java\web\apache-maven-3.6.1\mvn-resp\org\junit\jupiter\junit-jupiter-engine\5.5.2\junit-jupiter-engine-5.5.2.jar;E:\Java\web\apache-maven-3.6.1\mvn-resp\org\junit\platform\junit-platform-engine\1.5.2\junit-platform-engine-1.5.2.jar;E:\Java\web\apache-maven-3.6.1\mvn-resp\org\mockito\mockito-junit-jupiter\3.1.0\mockito-junit-jupiter-3.1.0.jar;E:\Java\web\apache-maven-3.6.1\mvn-resp\org\assertj\assertj-core\3.13.2\assertj-core-3.13.2.jar;E:\Java\web\apache-maven-3.6.1\mvn-resp\org\hamcrest\hamcrest\2.1\hamcrest-2.1.jar;E:\Java\web\apache-maven-3.6.1\mvn-resp\org\mockito\mockito-core\3.1.0\mockito-core-3.1.0.jar;E:\Java\web\apache-maven-3.6.1\mvn-resp\net\bytebuddy\byte-buddy\1.10.4\byte-buddy-1.10.4.jar;E:\Java\web\apache-maven-3.6.1\mvn-resp\net\bytebuddy\byte-buddy-agent\1.10.4\byte-buddy-agent-1.10.4.jar;E:\Java\web\apache-maven-3.6.1\mvn-resp\org\objenesis\objenesis\2.6\objenesis-2.6.jar;E:\Java\web\apache-maven-3.6.1\mvn-resp\org\skyscreamer\jsonassert\1.5.0\jsonassert-1.5.0.jar;E:\Java\web\apache-maven-3.6.1\mvn-resp\com\vaadin\external\google\android-json\0.0.20131108.vaadin1\android-json-0.0.20131108.vaadin1.jar;E:\Java\web\apache-maven-3.6.1\mvn-resp\org\xmlunit\xmlunit-core\2.6.3\xmlunit-core-2.6.3.jar;"/>
    <property name="java.vm.vendor" value="Oracle Corporation"/>
    <property name="sun.arch.data.model" value="64"/>
    <property name="user.variant" value=""/>
    <property name="java.vendor.url" value="http://java.oracle.com/"/>
    <property name="user.timezone" value="Asia/Shanghai"/>
    <property name="java.vm.specification.version" value="1.8"/>
    <property name="os.name" value="Windows 10"/>
    <property name="user.country" value="CN"/>
    <property name="sun.java.launcher" value="SUN_STANDARD"/>
    <property name="sun.boot.library.path" value="E:\Java\jdk1.8.0_172\jre\bin"/>
    <property name="sun.java.command" value="C:\Users\26443\AppData\Local\Temp\surefire3210327123637162391\surefirebooter5061857379628226608.jar C:\Users\26443\AppData\Local\Temp\surefire3210327123637162391 2025-04-08T18-48-54_936-jvmRun1 surefire377610488941755881tmp surefire_07236641203146446763tmp"/>
    <property name="surefire.test.class.path" value="F:\Myproject\BISHE\pro2.0\project\back\target\test-classes;F:\Myproject\BISHE\pro2.0\project\back\target\classes;E:\Java\web\apache-maven-3.6.1\mvn-resp\org\springframework\spring-test\5.2.2.RELEASE\spring-test-5.2.2.RELEASE.jar;E:\Java\web\apache-maven-3.6.1\mvn-resp\org\springframework\spring-core\5.2.2.RELEASE\spring-core-5.2.2.RELEASE.jar;E:\Java\web\apache-maven-3.6.1\mvn-resp\org\springframework\spring-jcl\5.2.2.RELEASE\spring-jcl-5.2.2.RELEASE.jar;E:\Java\web\apache-maven-3.6.1\mvn-resp\com\alibaba\druid-spring-boot-starter\1.2.5\druid-spring-boot-starter-1.2.5.jar;E:\Java\web\apache-maven-3.6.1\mvn-resp\com\alibaba\druid\1.2.5\druid-1.2.5.jar;E:\Java\web\apache-maven-3.6.1\mvn-resp\org\slf4j\slf4j-api\1.7.29\slf4j-api-1.7.29.jar;E:\Java\web\apache-maven-3.6.1\mvn-resp\org\springframework\boot\spring-boot-autoconfigure\2.2.2.RELEASE\spring-boot-autoconfigure-2.2.2.RELEASE.jar;E:\Java\web\apache-maven-3.6.1\mvn-resp\org\springframework\boot\spring-boot\2.2.2.RELEASE\spring-boot-2.2.2.RELEASE.jar;E:\Java\web\apache-maven-3.6.1\mvn-resp\mysql\mysql-connector-java\8.0.18\mysql-connector-java-8.0.18.jar;E:\Java\web\apache-maven-3.6.1\mvn-resp\org\springframework\boot\spring-boot-starter-validation\2.2.2.RELEASE\spring-boot-starter-validation-2.2.2.RELEASE.jar;E:\Java\web\apache-maven-3.6.1\mvn-resp\org\springframework\boot\spring-boot-starter\2.2.2.RELEASE\spring-boot-starter-2.2.2.RELEASE.jar;E:\Java\web\apache-maven-3.6.1\mvn-resp\org\springframework\boot\spring-boot-starter-logging\2.2.2.RELEASE\spring-boot-starter-logging-2.2.2.RELEASE.jar;E:\Java\web\apache-maven-3.6.1\mvn-resp\ch\qos\logback\logback-classic\1.2.3\logback-classic-1.2.3.jar;E:\Java\web\apache-maven-3.6.1\mvn-resp\ch\qos\logback\logback-core\1.2.3\logback-core-1.2.3.jar;E:\Java\web\apache-maven-3.6.1\mvn-resp\org\apache\logging\log4j\log4j-to-slf4j\2.12.1\log4j-to-slf4j-2.12.1.jar;E:\Java\web\apache-maven-3.6.1\mvn-resp\org\apache\logging\log4j\log4j-api\2.12.1\log4j-api-2.12.1.jar;E:\Java\web\apache-maven-3.6.1\mvn-resp\org\slf4j\jul-to-slf4j\1.7.29\jul-to-slf4j-1.7.29.jar;E:\Java\web\apache-maven-3.6.1\mvn-resp\jakarta\annotation\jakarta.annotation-api\1.3.5\jakarta.annotation-api-1.3.5.jar;E:\Java\web\apache-maven-3.6.1\mvn-resp\org\yaml\snakeyaml\1.25\snakeyaml-1.25.jar;E:\Java\web\apache-maven-3.6.1\mvn-resp\jakarta\validation\jakarta.validation-api\2.0.1\jakarta.validation-api-2.0.1.jar;E:\Java\web\apache-maven-3.6.1\mvn-resp\org\apache\tomcat\embed\tomcat-embed-el\9.0.29\tomcat-embed-el-9.0.29.jar;E:\Java\web\apache-maven-3.6.1\mvn-resp\org\hibernate\validator\hibernate-validator\6.0.18.Final\hibernate-validator-6.0.18.Final.jar;E:\Java\web\apache-maven-3.6.1\mvn-resp\org\jboss\logging\jboss-logging\3.4.1.Final\jboss-logging-3.4.1.Final.jar;E:\Java\web\apache-maven-3.6.1\mvn-resp\com\fasterxml\classmate\1.5.1\classmate-1.5.1.jar;E:\Java\web\apache-maven-3.6.1\mvn-resp\org\projectlombok\lombok\1.18.4\lombok-1.18.4.jar;E:\Java\web\apache-maven-3.6.1\mvn-resp\org\springframework\boot\spring-boot-starter-web\2.2.2.RELEASE\spring-boot-starter-web-2.2.2.RELEASE.jar;E:\Java\web\apache-maven-3.6.1\mvn-resp\org\springframework\boot\spring-boot-starter-json\2.2.2.RELEASE\spring-boot-starter-json-2.2.2.RELEASE.jar;E:\Java\web\apache-maven-3.6.1\mvn-resp\com\fasterxml\jackson\core\jackson-databind\2.10.1\jackson-databind-2.10.1.jar;E:\Java\web\apache-maven-3.6.1\mvn-resp\com\fasterxml\jackson\core\jackson-annotations\2.10.1\jackson-annotations-2.10.1.jar;E:\Java\web\apache-maven-3.6.1\mvn-resp\com\fasterxml\jackson\core\jackson-core\2.10.1\jackson-core-2.10.1.jar;E:\Java\web\apache-maven-3.6.1\mvn-resp\com\fasterxml\jackson\datatype\jackson-datatype-jdk8\2.10.1\jackson-datatype-jdk8-2.10.1.jar;E:\Java\web\apache-maven-3.6.1\mvn-resp\com\fasterxml\jackson\datatype\jackson-datatype-jsr310\2.10.1\jackson-datatype-jsr310-2.10.1.jar;E:\Java\web\apache-maven-3.6.1\mvn-resp\com\fasterxml\jackson\module\jackson-module-parameter-names\2.10.1\jackson-module-parameter-names-2.10.1.jar;E:\Java\web\apache-maven-3.6.1\mvn-resp\org\springframework\boot\spring-boot-starter-tomcat\2.2.2.RELEASE\spring-boot-starter-tomcat-2.2.2.RELEASE.jar;E:\Java\web\apache-maven-3.6.1\mvn-resp\org\apache\tomcat\embed\tomcat-embed-core\9.0.29\tomcat-embed-core-9.0.29.jar;E:\Java\web\apache-maven-3.6.1\mvn-resp\org\apache\tomcat\embed\tomcat-embed-websocket\9.0.29\tomcat-embed-websocket-9.0.29.jar;E:\Java\web\apache-maven-3.6.1\mvn-resp\org\springframework\spring-web\5.2.2.RELEASE\spring-web-5.2.2.RELEASE.jar;E:\Java\web\apache-maven-3.6.1\mvn-resp\org\springframework\spring-beans\5.2.2.RELEASE\spring-beans-5.2.2.RELEASE.jar;E:\Java\web\apache-maven-3.6.1\mvn-resp\org\springframework\spring-webmvc\5.2.2.RELEASE\spring-webmvc-5.2.2.RELEASE.jar;E:\Java\web\apache-maven-3.6.1\mvn-resp\org\springframework\spring-aop\5.2.2.RELEASE\spring-aop-5.2.2.RELEASE.jar;E:\Java\web\apache-maven-3.6.1\mvn-resp\org\springframework\spring-context\5.2.2.RELEASE\spring-context-5.2.2.RELEASE.jar;E:\Java\web\apache-maven-3.6.1\mvn-resp\org\springframework\spring-expression\5.2.2.RELEASE\spring-expression-5.2.2.RELEASE.jar;E:\Java\web\apache-maven-3.6.1\mvn-resp\org\mybatis\spring\boot\mybatis-spring-boot-starter\2.1.1\mybatis-spring-boot-starter-2.1.1.jar;E:\Java\web\apache-maven-3.6.1\mvn-resp\org\mybatis\spring\boot\mybatis-spring-boot-autoconfigure\2.1.1\mybatis-spring-boot-autoconfigure-2.1.1.jar;E:\Java\web\apache-maven-3.6.1\mvn-resp\org\mybatis\mybatis\3.5.3\mybatis-3.5.3.jar;E:\Java\web\apache-maven-3.6.1\mvn-resp\org\mybatis\mybatis-spring\2.0.3\mybatis-spring-2.0.3.jar;E:\Java\web\apache-maven-3.6.1\mvn-resp\org\springframework\boot\spring-boot-starter-jdbc\2.2.2.RELEASE\spring-boot-starter-jdbc-2.2.2.RELEASE.jar;E:\Java\web\apache-maven-3.6.1\mvn-resp\com\zaxxer\HikariCP\3.4.1\HikariCP-3.4.1.jar;E:\Java\web\apache-maven-3.6.1\mvn-resp\org\springframework\spring-jdbc\5.2.2.RELEASE\spring-jdbc-5.2.2.RELEASE.jar;E:\Java\web\apache-maven-3.6.1\mvn-resp\org\springframework\spring-tx\5.2.2.RELEASE\spring-tx-5.2.2.RELEASE.jar;E:\Java\web\apache-maven-3.6.1\mvn-resp\org\apache\shiro\shiro-spring\1.3.2\shiro-spring-1.3.2.jar;E:\Java\web\apache-maven-3.6.1\mvn-resp\org\apache\shiro\shiro-core\1.3.2\shiro-core-1.3.2.jar;E:\Java\web\apache-maven-3.6.1\mvn-resp\commons-beanutils\commons-beanutils\1.8.3\commons-beanutils-1.8.3.jar;E:\Java\web\apache-maven-3.6.1\mvn-resp\org\apache\shiro\shiro-web\1.3.2\shiro-web-1.3.2.jar;E:\Java\web\apache-maven-3.6.1\mvn-resp\com\baomidou\mybatis-plus\2.3\mybatis-plus-2.3.jar;E:\Java\web\apache-maven-3.6.1\mvn-resp\com\baomidou\mybatis-plus-support\2.3\mybatis-plus-support-2.3.jar;E:\Java\web\apache-maven-3.6.1\mvn-resp\com\baomidou\mybatis-plus-core\2.3\mybatis-plus-core-2.3.jar;E:\Java\web\apache-maven-3.6.1\mvn-resp\com\github\jsqlparser\jsqlparser\1.1\jsqlparser-1.1.jar;E:\Java\web\apache-maven-3.6.1\mvn-resp\com\baomidou\mybatis-plus-generate\2.3\mybatis-plus-generate-2.3.jar;E:\Java\web\apache-maven-3.6.1\mvn-resp\com\baomidou\mybatisplus-spring-boot-starter\1.0.5\mybatisplus-spring-boot-starter-1.0.5.jar;E:\Java\web\apache-maven-3.6.1\mvn-resp\org\springframework\boot\spring-boot-configuration-processor\2.2.2.RELEASE\spring-boot-configuration-processor-2.2.2.RELEASE.jar;E:\Java\web\apache-maven-3.6.1\mvn-resp\com\google\protobuf\protobuf-java\3.10.0\protobuf-java-3.10.0.jar;E:\Java\web\apache-maven-3.6.1\mvn-resp\org\apache\commons\commons-lang3\3.0\commons-lang3-3.0.jar;E:\Java\web\apache-maven-3.6.1\mvn-resp\javax\validation\validation-api\2.0.1.Final\validation-api-2.0.1.Final.jar;E:\Java\web\apache-maven-3.6.1\mvn-resp\commons-io\commons-io\2.5\commons-io-2.5.jar;E:\Java\web\apache-maven-3.6.1\mvn-resp\cn\hutool\hutool-all\4.0.12\hutool-all-4.0.12.jar;E:\Java\web\apache-maven-3.6.1\mvn-resp\com\alibaba\fastjson\1.2.8\fastjson-1.2.8.jar;E:\Java\web\apache-maven-3.6.1\mvn-resp\com\baidu\aip\java-sdk\4.4.1\java-sdk-4.4.1.jar;E:\Java\web\apache-maven-3.6.1\mvn-resp\org\json\json\20160810\json-20160810.jar;E:\Java\web\apache-maven-3.6.1\mvn-resp\log4j\log4j\1.2.17\log4j-1.2.17.jar;E:\Java\web\apache-maven-3.6.1\mvn-resp\org\apache\poi\poi\3.11\poi-3.11.jar;E:\Java\web\apache-maven-3.6.1\mvn-resp\commons-codec\commons-codec\1.13\commons-codec-1.13.jar;E:\Java\web\apache-maven-3.6.1\mvn-resp\org\apache\poi\poi-ooxml\3.9\poi-ooxml-3.9.jar;E:\Java\web\apache-maven-3.6.1\mvn-resp\org\apache\poi\poi-ooxml-schemas\3.9\poi-ooxml-schemas-3.9.jar;E:\Java\web\apache-maven-3.6.1\mvn-resp\org\apache\xmlbeans\xmlbeans\2.3.0\xmlbeans-2.3.0.jar;E:\Java\web\apache-maven-3.6.1\mvn-resp\stax\stax-api\1.0.1\stax-api-1.0.1.jar;E:\Java\web\apache-maven-3.6.1\mvn-resp\dom4j\dom4j\1.6.1\dom4j-1.6.1.jar;E:\Java\web\apache-maven-3.6.1\mvn-resp\xml-apis\xml-apis\1.0.b2\xml-apis-1.0.b2.jar;E:\Java\web\apache-maven-3.6.1\mvn-resp\org\springframework\boot\spring-boot-starter-test\2.2.2.RELEASE\spring-boot-starter-test-2.2.2.RELEASE.jar;E:\Java\web\apache-maven-3.6.1\mvn-resp\org\springframework\boot\spring-boot-test\2.2.2.RELEASE\spring-boot-test-2.2.2.RELEASE.jar;E:\Java\web\apache-maven-3.6.1\mvn-resp\org\springframework\boot\spring-boot-test-autoconfigure\2.2.2.RELEASE\spring-boot-test-autoconfigure-2.2.2.RELEASE.jar;E:\Java\web\apache-maven-3.6.1\mvn-resp\com\jayway\jsonpath\json-path\2.4.0\json-path-2.4.0.jar;E:\Java\web\apache-maven-3.6.1\mvn-resp\net\minidev\json-smart\2.3\json-smart-2.3.jar;E:\Java\web\apache-maven-3.6.1\mvn-resp\net\minidev\accessors-smart\1.2\accessors-smart-1.2.jar;E:\Java\web\apache-maven-3.6.1\mvn-resp\org\ow2\asm\asm\5.0.4\asm-5.0.4.jar;E:\Java\web\apache-maven-3.6.1\mvn-resp\jakarta\xml\bind\jakarta.xml.bind-api\2.3.2\jakarta.xml.bind-api-2.3.2.jar;E:\Java\web\apache-maven-3.6.1\mvn-resp\jakarta\activation\jakarta.activation-api\1.2.1\jakarta.activation-api-1.2.1.jar;E:\Java\web\apache-maven-3.6.1\mvn-resp\org\junit\jupiter\junit-jupiter\5.5.2\junit-jupiter-5.5.2.jar;E:\Java\web\apache-maven-3.6.1\mvn-resp\org\junit\jupiter\junit-jupiter-api\5.5.2\junit-jupiter-api-5.5.2.jar;E:\Java\web\apache-maven-3.6.1\mvn-resp\org\apiguardian\apiguardian-api\1.1.0\apiguardian-api-1.1.0.jar;E:\Java\web\apache-maven-3.6.1\mvn-resp\org\opentest4j\opentest4j\1.2.0\opentest4j-1.2.0.jar;E:\Java\web\apache-maven-3.6.1\mvn-resp\org\junit\platform\junit-platform-commons\1.5.2\junit-platform-commons-1.5.2.jar;E:\Java\web\apache-maven-3.6.1\mvn-resp\org\junit\jupiter\junit-jupiter-params\5.5.2\junit-jupiter-params-5.5.2.jar;E:\Java\web\apache-maven-3.6.1\mvn-resp\org\junit\jupiter\junit-jupiter-engine\5.5.2\junit-jupiter-engine-5.5.2.jar;E:\Java\web\apache-maven-3.6.1\mvn-resp\org\junit\platform\junit-platform-engine\1.5.2\junit-platform-engine-1.5.2.jar;E:\Java\web\apache-maven-3.6.1\mvn-resp\org\mockito\mockito-junit-jupiter\3.1.0\mockito-junit-jupiter-3.1.0.jar;E:\Java\web\apache-maven-3.6.1\mvn-resp\org\assertj\assertj-core\3.13.2\assertj-core-3.13.2.jar;E:\Java\web\apache-maven-3.6.1\mvn-resp\org\hamcrest\hamcrest\2.1\hamcrest-2.1.jar;E:\Java\web\apache-maven-3.6.1\mvn-resp\org\mockito\mockito-core\3.1.0\mockito-core-3.1.0.jar;E:\Java\web\apache-maven-3.6.1\mvn-resp\net\bytebuddy\byte-buddy\1.10.4\byte-buddy-1.10.4.jar;E:\Java\web\apache-maven-3.6.1\mvn-resp\net\bytebuddy\byte-buddy-agent\1.10.4\byte-buddy-agent-1.10.4.jar;E:\Java\web\apache-maven-3.6.1\mvn-resp\org\objenesis\objenesis\2.6\objenesis-2.6.jar;E:\Java\web\apache-maven-3.6.1\mvn-resp\org\skyscreamer\jsonassert\1.5.0\jsonassert-1.5.0.jar;E:\Java\web\apache-maven-3.6.1\mvn-resp\com\vaadin\external\google\android-json\0.0.20131108.vaadin1\android-json-0.0.20131108.vaadin1.jar;E:\Java\web\apache-maven-3.6.1\mvn-resp\org\xmlunit\xmlunit-core\2.6.3\xmlunit-core-2.6.3.jar;"/>
    <property name="sun.cpu.endian" value="little"/>
    <property name="user.home" value="C:\Users\26443"/>
    <property name="user.language" value="zh"/>
    <property name="java.specification.vendor" value="Oracle Corporation"/>
    <property name="java.home" value="E:\Java\jdk1.8.0_172\jre"/>
    <property name="basedir" value="F:\Myproject\BISHE\pro2.0\project\back"/>
    <property name="file.separator" value="\"/>
    <property name="line.separator" value="&#10;"/>
    <property name="java.vm.specification.vendor" value="Oracle Corporation"/>
    <property name="java.specification.name" value="Java Platform API Specification"/>
    <property name="java.awt.graphicsenv" value="sun.awt.Win32GraphicsEnvironment"/>
    <property name="surefire.real.class.path" value="C:\Users\26443\AppData\Local\Temp\surefire3210327123637162391\surefirebooter5061857379628226608.jar"/>
    <property name="sun.boot.class.path" value="E:\Java\jdk1.8.0_172\jre\lib\resources.jar;E:\Java\jdk1.8.0_172\jre\lib\rt.jar;E:\Java\jdk1.8.0_172\jre\lib\sunrsasign.jar;E:\Java\jdk1.8.0_172\jre\lib\jsse.jar;E:\Java\jdk1.8.0_172\jre\lib\jce.jar;E:\Java\jdk1.8.0_172\jre\lib\charsets.jar;E:\Java\jdk1.8.0_172\jre\lib\jfr.jar;E:\Java\jdk1.8.0_172\jre\classes"/>
    <property name="user.script" value=""/>
    <property name="sun.management.compiler" value="HotSpot 64-Bit Tiered Compilers"/>
    <property name="java.runtime.version" value="1.8.0_172-b11"/>
    <property name="user.name" value="26443"/>
    <property name="path.separator" value=";"/>
    <property name="os.version" value="10.0"/>
    <property name="java.endorsed.dirs" value="E:\Java\jdk1.8.0_172\jre\lib\endorsed"/>
    <property name="java.runtime.name" value="Java(TM) SE Runtime Environment"/>
    <property name="file.encoding" value="GBK"/>
    <property name="java.vm.name" value="Java HotSpot(TM) 64-Bit Server VM"/>
    <property name="localRepository" value="E:\Java\web\apache-maven-3.6.1\mvn-resp"/>
    <property name="java.vendor.url.bug" value="http://bugreport.sun.com/bugreport/"/>
    <property name="java.io.tmpdir" value="C:\Users\26443\AppData\Local\Temp\"/>
    <property name="java.version" value="1.8.0_172"/>
    <property name="user.dir" value="F:\Myproject\BISHE\pro2.0\project\back"/>
    <property name="os.arch" value="amd64"/>
    <property name="java.vm.specification.name" value="Java Virtual Machine Specification"/>
    <property name="java.awt.printerjob" value="sun.awt.windows.WPrinterJob"/>
    <property name="sun.os.patch.level" value=""/>
    <property name="java.library.path" value="E:\Java\jdk1.8.0_172\jre\bin;C:\Windows\Sun\Java\bin;C:\Windows\system32;C:\Windows;E:\VMware\bin\;E:\Java\jdk1.8.0_172\bin;C:\Windows\system32;C:\Windows;C:\Windows\System32\Wbem;C:\Windows\System32\WindowsPowerShell\v1.0\;C:\Users\26443\AppData\Local\Programs\Python\Python312;E:\cpp\TDM-GCC-32\bin;E:\cpp\TDM-GCC-64\bin;C:\Windows\System32\OpenSSH\;C:\Program Files (x86)\NVIDIA Corporation\PhysX\Common;C:\Program Files\dotnet\;C:\Program Files\Microsoft SQL Server\130\Tools\Binn\;C:\Program Files\Microsoft SQL Server\Client SDK\ODBC\170\Tools\Binn\;C:\Program Files\Microsoft SQL Server\120\DTS\Binn\;C:\Program Files\Microsoft SQL Server\Client SDK\ODBC\110\Tools\Binn\;C:\Program Files (x86)\Microsoft SQL Server\120\Tools\Binn\;C:\Program Files\Microsoft SQL Server\120\Tools\Binn\;C:\Program Files (x86)\Microsoft SQL Server\120\Tools\Binn\ManagementStudio\;C:\Program Files (x86)\Microsoft SQL Server\120\DTS\Binn\;C:\Program Files\MySQL\MySQL Server 8.0\bin;E:\Java\web\apache-maven-3.6.1\bin;E:\Java\Git\cmd;E:\Java\微信web开发者工具\dll;E:\cpp\MinGW\bin;D:\Anaconda3;D:\Anaconda3\Scripts;D:\Anaconda3\Library\bin;D:\Anaconda3\Library\mingw-w64\bin;D:\Anaconda3\Library\usr\bin;E:\Java\hadoop\hadoop-3.3.5\bin;E:\Java\hadoop\hadoop-3.3.5\sbin;E:\Java\nvm;E:\Java\nodejs;%NODE_PATH%;C:\Program Files\NVIDIA Corporation\NVIDIA app\NvDLISR;C:\Program Files\MySQL\MySQL Shell 8.0\bin\;C:\Program Files (x86)\Microsoft Visual Studio\Common\Tools\WinNT;C:\Program Files (x86)\Microsoft Visual Studio\Common\MSDev98\Bin;C:\Program Files (x86)\Microsoft Visual Studio\Common\Tools;C:\Program Files (x86)\Microsoft Visual Studio\VC98\bin;C:\Users\26443\.dotnet\tools;E:\vscode\Microsoft VS Code\bin;E:\Java\nvm;E:\Java\nodejs;E:\Java\nodejs;C:\Users\26443\AppData\Local\Programs\cursor\resources\app\bin;."/>
    <property name="java.vm.info" value="mixed mode"/>
    <property name="java.vendor" value="Oracle Corporation"/>
    <property name="java.vm.version" value="25.172-b11"/>
    <property name="java.ext.dirs" value="E:\Java\jdk1.8.0_172\jre\lib\ext;C:\Windows\Sun\Java\lib\ext"/>
    <property name="sun.io.unicode.encoding" value="UnicodeLittle"/>
    <property name="java.class.version" value="52.0"/>
  </properties>
  <testcase name="contextLoads" classname="com.SpringbootSchemaApplicationTests" time="1.026"/>
</testsuite>